0
0
0
0
0
0
0
0
0
0
0
0
0
16
0
0
48
64
16
0
0
64
0
0
0
16
0
0
0
0
0
48
0
48
0
0
0
48
0
64
0
0
0
0
48
0
0
0
0
0
0
64
0
16
0
0
0
0
0
0
0
0
0
0
0
24
0
0
0
24
0
0
48
0
0
24
0
40
0
64
24
96
0
32
0
0
0
48
0
144
0
0
24
0
120
0
24
72
0
0
0
0
32
0
64
0
0
88
0
48
24
120
0
0
176
0
0
72
0
8
72
0
0
32
0
0
232
224
72
0
48
80
8
0
0
0
0
40
0
40
0
0
40
192
64
0
96
80
0
56
96
0
64
80
56
0
264
0
168
336
80
40
136
0
168
304
208
0
0
0
56
0
272
232
448
0
0
280
88
0
216
280
576
0
112
0
0
0
56
0
72
120
200
0
120
240
16
0
352
160
32
0
224
256
0
0
320
176
0
0
0
96
16
0
96
136
0
304
0
96
0
144
0
136
16
0
208
80
0
112
440
0
144
856
344
144
192
96
80
56
16
56
160
304
120
224
240
160
584
0
456
320
0
72
64
0
0
0
0
56
0
120
248
80
128
168
984
280
0
0
96
40
128
64
160
0
0
0
0
16
104
128
0
224
0
240
232
288
0
472
840
176
528
448
120
0
224
0
184
224
808
0
232
72
0
584
24
224
40
0
88
0
672
872
216
0
168
408
232
288
0
576
120
0
184
72
72
408
8
0
0
0
0
0
824
16
320
0
64
96
128
64
952
520
104
768
152
352
0
520
72
584
592
304
152
0
128
240
416
0
0
1176
56
240
968
16
240
16
672
0
0
0
312
96
0
0
0
144
280
72
536
72
1160
0
856
0
0
120
264
64
1616
72
0
496
464
304
0
1160
160
56
56
0
544
24
112
104
24
32
0
672
344
120
224
376
1304
80
56
128
1224
0
640
232
720
824
344
216
16
624
0
0
296
0
0
48
1784
72
176
304
248
592
0
0
128
856
0
48
320
488
0
0
536
168
432
80
1216
352
432
0
280
344
72
160
504
168
0
1296
200
24
192
1344
24
0
216
128
320
1856
208
0
136
128
0
1384
424
0
56
40
376
64
64
448
200
256
0
136
1152
232
16
528
240
72
128
1008
72
0
280
1904
56
336
184
352
216
128
48
296
0
0
440
0
48
64
152
72
248
160
0
80
0
64
272
352
0
1520
600
496
0
0
456
88
0
696
0
0
328
64
232
0
0
496
144
0
72
544
712
408
1088
0
224
160
976
0
208
0
8
872
856
224
472
200
176
648
200
120
752
16
80
56
488
656
440
544
72
0
888
392
840
216
1672
480
704
472
168
232
1208
184
936
400
576
0
584
56
0
80
0
416
160
96
112
960
472
400
344
0
96
64
64
1568
0
464
40
704
568
304
1560
128
72
0
0
448
0
0
280
400
120
0
1160
0
208
1240
56
312
1048
0
8
416
16
416
432
800
200
96
216
152
768
152
1408
1568
1888
752
288
72
0
440
0
24
344
104
888
1120
1904
880
1432
152
176
160
888
944
56
1640
1928
1008
8
0
1128
56
664
240
112
104
568
184
0
576
160
2104
40
512
336
0
752
0
552
0
824
192
1944
96
2232
32
152
0
896
296
88
24
176
80
264
88
24
592
304
32
296
0
0
464
296
1400
264
0
1288
304
0
1536
1224
0
1128
840
112
2936
824
24
680
1056
144
8
1112
0
1064
960
960
688
944
1032
1440
680
528
72
104
624
1176
552
24
1440
192
128
264
64
456
408
496
784
360
424
664
56
696
40
2384
704
1056
296
72
648
8
952
792
80
168
1224
272
672
184
72
304
152
0
32
344
2168
56
360
1096
312
432
136
2368
496
712
144
400
400
72
2008
3304
96
352
0
3104
0
416

0
0
0
0
0
0
0
0
0
0
0
0
0
0
0
0
0
0
0
0
0
35
49
0
0
0
0
0
42
0
0
35
0
0
0
0
0
35
0
0
35
70
42
0
0
0
0
0
0
0
0
0
0
0
0
28
0
0
0
70
0
49
0
0
49
49
0
35
0
0
0
0
0
77
49
0
28
0
0
0
49
70
0
91
0
0
91
140
49
0
0
0
35
70
154
49
49
147
231
0
0
0
322
0
196
0
0
91
0
140
0
35
0
0
0
0
70
175
35
336
0
119
70
0
0
133
119
0
245
98
35
49
91
189
49
49
70
0
0
0
0
238
0
0
0
203
119
0
0
84
70
0
0
0
0
0
49
245
0
49
0
0
154
0
0
42
140
168
0
133
49
0
0
0
0
49
0
49
273
119
217
0
0
105
14
35
259
245
0
35
91
147
364
98
0
0
0
0
112
70
210
168
0
91
42
63
0
0
0
42
0
70
70
126
0
119
154
105
0
0
42
49
14
175
98
0
0
182
70
42
0
42
28
119
413
35
7
259
0
70
196
462
84
0
49
210
91
0
231
28
189
231
49
210
140
140
49
63
196
0
35
287
98
168
0
35
112
0
119
42
182
385
98
161
35
280
112
49
161
0
161
273
287
28
91
273
280
273
119
315
49
70
483
0
175
77
175
931
63
0
0
84
168
147
0
0
0
63
35
0
119
252
182
0
0
147
0
0
182
140
49
595
56
91
154
0
98
168
476
91
91
14
49
133
161
0
189
0
84
476
63
574
0
294
231
126
0
119
0
28
0
406
0
14
28
28
210
7
112
0
112
0
0
84
259
35
805
126
63
217
0
0
231
315
49
0
0
350
364
154
364
0
182
0
98
161
0
112
0
28
203
0
7
238
56
294
0
525
378
245
0
112
7
0
196
0
70
112
595
616
189
0
259
126
42
77
196
0
315
112
112
0
392
42
504
77
231
0
455
0
42
7
273
378
98
231
259
0
70
91
385
280
203
490
546
168
168
63
0
0
49
252
1120
805
168
0
168
161
462
840
0
0
287
0
504
217
42
0
119
203
686
392
42
119
42
42
21
434
49
42
28
609
546
0
350
0
1078
112
0
147
70
140
119
28
287
490
119
0
0
91
196
0
0
119
105
105
189
98
308
49
0
252
0
238
525
14
392
21
77
0
7
0
56
91
252
126
56
280
0
602
105
490
56
595
98
301
0
448
287
49
112
840
350
413
378
1092
0
665
448
266
238
154
0
273
70
245
56
182
0
399
0
161
504
0
434
14
14
0
49
1190
35
0
133
49
735
595
21
413
91
287
364
112
693
0
805
0
14
189
497
91
0
616
0
42
105
105
175
105
1029
0
259
168
266
441
0
42
0
49
742
196
56
1197
287
21
791
0
462
49
231
322
252
203
0
14
49
0
91
70
1022
1099
392
182
0
280
777
105
504
147
28
924
406
1946
112
1253
1134
119
476
70
98
84
1029
84
245
1449
315
553
847
0
42
406
420
406
1239
308
385
0
119
168
0
77
406
0
0
7
371
189
189
518
168
1904
231
0
567
728
357
749
105
203
0
567
98
7
1659
63
0
483
119
266
196
91
483
350
350
847
658
105
70
805
693
42
350
63
693
0
196
1463
119
357
49
154
154
0
105
21
168
749
560
287
1267
91
119
434
266
189
0
497
224
119
84
273
0
133
168
147
420
63
0
0
105
0
693
756
637
70
602
924
21
49
0
0
266
749
686
91
469
469
63
70
1029
364

