176915 148986115
2658907 738560203
3693883 392006168
4646458 222065017
12422009 263753276
14573261 912623641
22015581 858059265
27413096 170387208
28407726 873364199
29337439 93543882
30444376 370481218
34520915 609268067
35969220 530232436
40707729 713458260
46292322 438937412
47115778 39355453
49278340 590120447
49724484 348247099
54619133 529800493
56836641 770669213
63068174 277345641
65967399 405474913
67172861 514327503
71400209 930900489
73960623 456120920
74984689 280707584
75822421 889610270
76611204 479740963
77053971 113434650
81304718 127252637
81732401 872869877
86414227 598952427
89311753 764525190
89700598 768598168
91260123 91503653
91851863 860986089
93769327 562138597
95803685 145738895
97505489 244714156
98917464 863433870
106943976 471195146
109100217 843779422
110559950 994962624
112923937 749512123
114445151 481771986
114846716 433918931
115538325 673253796
123422204 473719976
124217892 742518881
124377135 697881186
126690026 561429508
127034438 262016120
127515920 764349506
129776638 460036355
132088626 308407956
136007316 787106477
143781557 55982327
147107020 112464146
149433770 621688149
152594286 969740554
156050249 575600103
159106148 272850693
159266271 779617425
162643699 812797106
165839014 615496264
168306459 283655086
168685017 803960974
171029531 953169603
179158079 130722431
181084384 500897283
185610752 59131545
192216785 805625333
198280124 746890765
199010757 141737714
199439107 253647490
200059808 238763626
203151089 358554984
205175979 326903743
206164003 816123864
208635326 486090303
210887968 839022398
215197526 462341128
216674340 387282742
220780986 607251458
222373823 512366935
227418080 487740672
229240189 47155577
232228516 86865007
233834763 958749503
235679673 108402237
236081199 414398778
236500562 990584413
239173915 951096955
248284108 143238807
258296466 639725147
258419007 842261839
261305129 394476189
262602254 365369937
262607923 572450470
269154241 74751099
270986303 975708469
281928418 814957816
291718851 561101907
296436935 979172133
300538553 62884299
302944912 704370719
307614019 509558877
312159700 958490051
318067203 461645210
318794162 794743241
322092882 594099791
327835198 276096356
340170594 645688238
344466404 978406557
348013424 463629581
349875978 555319954
360833962 42563400
374870249 520216417
386369021 861054260
389574636 696229321
390546489 997777163
392688697 701666442
396428928 454531443
397865264 804882131
407073445 785731403
408150122 909797368
409449176 867657816
410851340 811508047
422416089 113737682
424699613 483714835
427374801 348442964
432665053 869520926
432798458 470725710
438726882 371328817
439030752 759349854
439374783 523182689
444534934 995989597
451750370 6738217
452171942 441067215
458097232 304265501
464088624 966495682
466727142 672779944
467954777 623783497
469654553 481652740
474420879 777893814
478613534 731391117
484588033 6042979
484845803 250437497
489293417 839558350
497990598 777169999
501705162 137842806
502012934 869644206
506814469 903598253
513590855 977684464
513626068 422025708
523921567 180501605
528818491 565030145
529262696 440848992
537139788 763142910
538204050 394330380
540781906 563661810
544869803 944275233
550422795 201467649
555645945 127978584
555662756 639652654
559074194 911984705
563642691 231514248
565392604 710640571
567400526 118725927
583804875 948712754
584246291 132161947
587609512 823242472
588926282 572914308
595786041 807211967
598146981 685341254
599901589 312456600
602001869 49934460
607137498 564932327
609681906 72276077
613427379 952436447
614183516 421424055
615920677 700601571
617650682 712024548
622455557 495746120
631662537 133554010
641254927 498600637
643830005 67968314
644954188 869717094
645341171 456626841
646137615 887717364
671696634 676757131
674934357 879512661
676591442 339416601
676883692 760696858
677634876 903564085
678464521 981106534
685893672 122711402
690060005 426793429
691553771 670705722
695171755 440629799
695583888 133488319
697332571 898182923
703428473 417830748
717731558 291611879
718057501 662990275
718686977 169469836
719699836 367226942
719861347 779363961
721772066 365394830
724023398 18889478
728686555 728652816
729725116 3878367
729943216 962347372
731854118 633298051
738104906 109088195
740463962 384143277
741798840 63494817
747463933 994453822
748447012 889533869
748683763 814278740
749660412 668469489
755881726 383875002
756030606 93122584
759930371 798446128
764877286 759124917
765674891 702316762
770205171 599846653
771423120 949584095
773770687 750437018
778667128 86037250
779009602 399546827
780615202 615062263
785210087 738904588
793369816 233495061
793604960 739025725
795612458 270873509
796388498 141436866
802966334 460899562
808000723 174529605
810928372 134886114
811115868 617760508
813068504 659321892
820389492 86656429
822667284 558885025
829647820 940450138
831410210 982775282
833741121 149185744
841192038 861359935
841547141 348461417
841916538 114465855
842557713 737458812
848902148 337507445
850929316 475391833
855463106 492770015
861204008 8943448
862958255 427801719
865935848 287104811
875437047 59966526
876875003 745182046
878707261 980856980
880221887 667372398
880542836 746200462
880544487 808553875
880575290 852154388
888336986 702904256
889811729 137078436
890496210 549227299
897276743 358100764
898420473 588329426
900403528 912301528
902166159 117564618
907649043 74082832
913825720 13299537
918109279 826181075
919894526 932506923
920457856 455954576
927357171 435011192
928039060 378736453
928457106 625054719
930799637 678597505
931552249 88340438
933366258 926414739
934411551 107010340
944215411 932191717
946388134 326956581
956776839 480923885
958648538 579513388
963197381 554094935
976490283 595117779
977039266 183677707
982548849 342221485
985780608 178325245
995463660 841396127
995753677 625907314
999459468 91153614
